<?xml version="1.0" encoding="UTF-8"?>
<!-- Generated by org.testng.reporters.JUnitReportReporter -->
<testsuite hostname="DESKTOP-NFLH6O9" failures="0" tests="6" name="api.test.DDTest" time="7.934" errors="0" timestamp="2023-07-30T17:53:58 IST" skipped="0">
  <testcase classname="api.test.DDTest" name="testPostUser" time="1.317"/>
  <system-out/>
  <testcase classname="api.test.DDTest" name="testPostUser" time="1.363"/>
  <system-out/>
  <testcase classname="api.test.DDTest" name="testPostUser" time="1.293"/>
  <system-out/>
  <testcase classname="api.test.DDTest" name="testDeleteUserByName" time="1.285"/>
  <system-out/>
  <testcase classname="api.test.DDTest" name="testDeleteUserByName" time="1.352"/>
  <system-out/>
  <testcase classname="api.test.DDTest" name="testDeleteUserByName" time="1.324"/>
  <system-out/>
</testsuite> <!-- api.test.DDTest -->
