<?xml version="1.0" encoding="UTF-8"?>
<!-- Generated by org.testng.reporters.JUnitReportReporter -->
<testsuite hostname="DESKTOP-NFLH6O9" failures="0" tests="6" name="api.test.DDTest" time="9.091" errors="0" timestamp="2023-07-30T14:40:56 IST" skipped="0">
  <testcase classname="api.test.DDTest" name="testPostUser" time="1.663"/>
  <system-out/>
  <testcase classname="api.test.DDTest" name="testPostUser" time="1.323"/>
  <system-out/>
  <testcase classname="api.test.DDTest" name="testPostUser" time="1.722"/>
  <system-out/>
  <testcase classname="api.test.DDTest" name="testDeleteUserByName" time="1.371"/>
  <system-out/>
  <testcase classname="api.test.DDTest" name="testDeleteUserByName" time="1.746"/>
  <system-out/>
  <testcase classname="api.test.DDTest" name="testDeleteUserByName" time="1.266"/>
  <system-out/>
</testsuite> <!-- api.test.DDTest -->
